<?xml version="1.0" encoding="UTF-8"?>
<!-- Generated by org.testng.reporters.JUnitReportReporter -->
<testsuite skipped="0" hostname="Ashok-L460-PC" name="com.katena.qa.testcases.LoginPageTest" tests="1" failures="0" timestamp="28 Aug 2018 05:42:51 GMT" time="15.128" errors="0">
  <testcase name="loginpagetitleTest" time="15.128" classname="com.katena.qa.testcases.LoginPageTest"/>
</testsuite> <!-- com.katena.qa.testcases.LoginPageTest -->
