<?xml version="1.0" encoding="UTF-8"?>
<!-- Generated by org.testng.reporters.JUnitReportReporter -->
<testsuite skipped="0" hostname="Ashok-L460-PC" name="com.katena.qa.testcases.AddressbookpageTest" tests="2" failures="0" timestamp="05 Sep 2018 13:20:36 GMT" time="38.323" errors="0">
  <testcase name="Verifypagetitletest" time="18.143" classname="com.katena.qa.testcases.AddressbookpageTest"/>
  <testcase name="Verifypagebannertest" time="20.180" classname="com.katena.qa.testcases.AddressbookpageTest"/>
</testsuite> <!-- com.katena.qa.testcases.AddressbookpageTest -->
