<?xml version="1.0" encoding="UTF-8"?>
<!-- Generated by org.testng.reporters.JUnitReportReporter -->
<testsuite skipped="0" hostname="Ashok-L460-PC" name="com.katena.qa.testdata.LoginPageTest" tests="2" failures="0" timestamp="05 Jul 2018 05:56:26 GMT" time="46.891" errors="0">
  <testcase name="loginpagetitleTest" time="23.214" classname="com.katena.qa.testdata.LoginPageTest"/>
  <testcase name="loginpagevalidateTest" time="23.677" classname="com.katena.qa.testdata.LoginPageTest"/>
</testsuite> <!-- com.katena.qa.testdata.LoginPageTest -->
