<?xml version="1.0" encoding="UTF-8"?>
<!-- Generated by org.testng.reporters.JUnitReportReporter -->
<testsuite skipped="0" hostname="Ashok-L460-PC" name="com.katena.qa.testcases.NewsletterpageTest" tests="1" failures="0" timestamp="27 Aug 2018 07:01:02 GMT" time="36.863" errors="0">
  <testcase name="CheckboxTest" time="36.863" classname="com.katena.qa.testcases.NewsletterpageTest"/>
</testsuite> <!-- com.katena.qa.testcases.NewsletterpageTest -->
