<?xml version="1.0" encoding="UTF-8"?>
<!-- Generated by org.testng.reporters.JUnitReportReporter -->
<testsuite skipped="0" hostname="Ashok-L460-PC" name="com.katena.qa.testcases.LoginPageTest" tests="2" failures="0" timestamp="23 Aug 2018 07:17:17 GMT" time="40.646" errors="0">
  <testcase name="loginpagetitleTest" time="20.447" classname="com.katena.qa.testcases.LoginPageTest"/>
  <testcase name="loginpagevalidateTest" time="20.199" classname="com.katena.qa.testcases.LoginPageTest"/>
</testsuite> <!-- com.katena.qa.testcases.LoginPageTest -->
