<?xml version="1.0" encoding="UTF-8"?>
<!-- Generated by org.testng.reporters.JUnitReportReporter -->
<testsuite skipped="0" hostname="Ashok-L460-PC" name="com.katena.qa.testcases.MyAccountPageTest" tests="1" failures="0" timestamp="28 Aug 2018 05:42:51 GMT" time="22.551" errors="0">
  <testcase name="BannerTextValidateTest" time="22.551" classname="com.katena.qa.testcases.MyAccountPageTest"/>
</testsuite> <!-- com.katena.qa.testcases.MyAccountPageTest -->
