<?xml version="1.0" encoding="UTF-8"?>
<!-- Generated by org.testng.reporters.JUnitReportReporter -->
<testsuite skipped="0" hostname="Ashok-L460-PC" name="com.katena.qa.testcases.NewsletterpageTest" tests="3" failures="0" timestamp="27 Aug 2018 12:27:51 GMT" time="73.879" errors="0">
  <testcase name="CheckboxTest" time="32.638" classname="com.katena.qa.testcases.NewsletterpageTest"/>
  <testcase name="BannerTextValidateTest" time="21.963" classname="com.katena.qa.testcases.NewsletterpageTest"/>
  <testcase name="ClickonNewletterTest" time="19.278" classname="com.katena.qa.testcases.NewsletterpageTest"/>
</testsuite> <!-- com.katena.qa.testcases.NewsletterpageTest -->
