<?xml version="1.0" encoding="UTF-8"?>
<!-- Generated by org.testng.reporters.JUnitReportReporter -->
<testsuite skipped="0" hostname="Ashok-L460-PC" name="com.katena.qa.testcases.MyAccountPageTest" tests="1" failures="0" timestamp="05 Sep 2018 10:17:12 GMT" time="20.964" errors="0">
  <testcase name="BannerTextValidateTest" time="20.964" classname="com.katena.qa.testcases.MyAccountPageTest"/>
</testsuite> <!-- com.katena.qa.testcases.MyAccountPageTest -->
