<?xml version="1.0" encoding="UTF-8"?>
<!-- Generated by org.testng.reporters.JUnitReportReporter -->
<testsuite skipped="0" hostname="Ashok-L460-PC" name="com.katena.qa.testcases.LoginPageTest" tests="1" failures="0" timestamp="05 Sep 2018 09:26:29 GMT" time="10.966" errors="0">
  <testcase name="loginpagetitleTest" time="10.966" classname="com.katena.qa.testcases.LoginPageTest"/>
</testsuite> <!-- com.katena.qa.testcases.LoginPageTest -->
