<?xml version="1.0" encoding="UTF-8"?>
<!-- Generated by org.testng.reporters.JUnitReportReporter -->
<testsuite skipped="0" hostname="Ashok-L460-PC" name="com.katena.qa.testcases.MyAccountPageTest" tests="1" failures="0" timestamp="04 Sep 2018 11:23:37 GMT" time="34.042" errors="0">
  <testcase name="BannerTextValidateTest" time="34.042" classname="com.katena.qa.testcases.MyAccountPageTest"/>
</testsuite> <!-- com.katena.qa.testcases.MyAccountPageTest -->
