<?xml version="1.0" encoding="UTF-8"?>
<!-- Generated by org.testng.reporters.JUnitReportReporter -->
<testsuite skipped="0" hostname="Ashok-L460-PC" name="com.katena.qa.testcases.MyAccountPageTest" tests="1" failures="0" timestamp="05 Sep 2018 09:26:29 GMT" time="18.201" errors="0">
  <testcase name="BannerTextValidateTest" time="18.201" classname="com.katena.qa.testcases.MyAccountPageTest"/>
</testsuite> <!-- com.katena.qa.testcases.MyAccountPageTest -->
