<?xml version="1.0" encoding="UTF-8"?>
<!-- Generated by org.testng.reporters.JUnitReportReporter -->
<testsuite skipped="0" hostname="Ashok-L460-PC" name="com.katena.qa.testcases.LoginPageTest" tests="1" failures="0" timestamp="05 Sep 2018 10:09:15 GMT" time="12.540" errors="0">
  <testcase name="loginpagetitleTest" time="12.540" classname="com.katena.qa.testcases.LoginPageTest"/>
</testsuite> <!-- com.katena.qa.testcases.LoginPageTest -->
