<?xml version="1.0" encoding="UTF-8"?>
<!-- Generated by org.testng.reporters.JUnitReportReporter -->
<testsuite skipped="0" hostname="Ashok-L460-PC" name="com.katena.qa.testcases.NewsletterpageTest" tests="1" failures="0" timestamp="05 Sep 2018 10:09:15 GMT" time="25.656" errors="0">
  <testcase name="CheckboxTest" time="25.656" classname="com.katena.qa.testcases.NewsletterpageTest"/>
</testsuite> <!-- com.katena.qa.testcases.NewsletterpageTest -->
